<?xml version="1.0" encoding="UTF-8"?>
<!-- Generated by org.testng.reporters.JUnitReportReporter -->
<testsuite hostname="DESKTOP-FUCHO60" failures="0" tests="1" name="com.kashyap.LearningSeleniumATB6x.ex_selenium_16072024.Lab094" time="11.635" errors="0" timestamp="2024-08-01T00:09:48 IST" skipped="0">
  <testcase classname="com.kashyap.LearningSeleniumATB6x.ex_selenium_16072024.Lab094" name="testVerifytAndLogin" time="11.635"/>
</testsuite> <!-- com.kashyap.LearningSeleniumATB6x.ex_selenium_16072024.Lab094 -->
