<?xml version="1.0" encoding="UTF-8"?>
<!-- Generated by org.testng.reporters.JUnitReportReporter -->
<testsuite hostname="DESKTOP-FUCHO60" failures="0" tests="1" name="com.kashyap.LearningSeleniumATB6x.ex_selenium_18072024.Lab095" time="22.811" errors="0" timestamp="2024-08-04T22:12:57 IST" skipped="0">
  <testcase classname="com.kashyap.LearningSeleniumATB6x.ex_selenium_18072024.Lab095" name="testPrintTitleAndPrice" time="22.811"/>
</testsuite> <!-- com.kashyap.LearningSeleniumATB6x.ex_selenium_18072024.Lab095 -->
