<?xml version="1.0" encoding="UTF-8"?>
<!-- Generated by org.testng.reporters.JUnitReportReporter -->
<testsuite hostname="DESKTOP-FUCHO60" failures="0" tests="1" name="com.kashyap.LearningSeleniumATB6x.ex_selenium_13072024.Lab090" time="61.999" errors="0" timestamp="2024-07-24T22:49:01 IST" skipped="0">
  <testcase classname="com.kashyap.LearningSeleniumATB6x.ex_selenium_13072024.Lab090" name="testVWOLoginNegative" time="61.999"/>
</testsuite> <!-- com.kashyap.LearningSeleniumATB6x.ex_selenium_13072024.Lab090 -->
