<?xml version="1.0" encoding="UTF-8"?>
<!-- Generated by org.testng.reporters.JUnitReportReporter -->
<testsuite hostname="DESKTOP-FUCHO60" failures="0" tests="1" name="com.kashyap.LearningSeleniumATB6x.ex_selenium.Lab085" time="24.497" errors="0" timestamp="2024-07-23T16:27:48 IST" skipped="0">
  <testcase classname="com.kashyap.LearningSeleniumATB6x.ex_selenium.Lab085" name="vwoLogin" time="24.497"/>
</testsuite> <!-- com.kashyap.LearningSeleniumATB6x.ex_selenium.Lab085 -->
