<?xml version="1.0" encoding="UTF-8"?>
<!-- Generated by org.testng.reporters.JUnitReportReporter -->
<testsuite hostname="DESKTOP-FUCHO60" failures="0" tests="1" name="com.kashyap.LearningSeleniumATB6x.ex_selenium_13072024.Lab093" time="16.835" errors="0" timestamp="2024-07-31T22:38:11 IST" skipped="0">
  <testcase classname="com.kashyap.LearningSeleniumATB6x.ex_selenium_13072024.Lab093" name="testMakeAnAppointment" time="16.835"/>
</testsuite> <!-- com.kashyap.LearningSeleniumATB6x.ex_selenium_13072024.Lab093 -->
