<?xml version="1.0" encoding="UTF-8"?>
<!-- Generated by org.testng.reporters.JUnitReportReporter -->
<testsuite hostname="DESKTOP-FUCHO60" failures="0" tests="1" name="com.kashyap.LearningSeleniumATB6x.ex_selenium.Lab088" time="18.818" errors="0" timestamp="2024-07-23T18:41:41 IST" skipped="0">
  <testcase classname="com.kashyap.LearningSeleniumATB6x.ex_selenium.Lab088" name="testVWOLoginTitle" time="18.818"/>
</testsuite> <!-- com.kashyap.LearningSeleniumATB6x.ex_selenium.Lab088 -->
