<?xml version="1.0" encoding="UTF-8"?>
<!-- Generated by org.testng.reporters.JUnitReportReporter -->
<testsuite hostname="DESKTOP-FUCHO60" failures="0" tests="1" name="com.kashyap.LearningSeleniumATB6x.ex_selenium_13072024.Lab092" time="30.539" errors="0" timestamp="2024-07-31T21:55:31 IST" skipped="0">
  <testcase classname="com.kashyap.LearningSeleniumATB6x.ex_selenium_13072024.Lab092" name="testLoginWithValidCreds" time="30.539"/>
</testsuite> <!-- com.kashyap.LearningSeleniumATB6x.ex_selenium_13072024.Lab092 -->
